<?xml version="1.0" encoding="UTF-8" ?>
<testsuite tests="100" failures="0" name="one.trifle.many.tests.suite2.My7Test" time="0.001" errors="0" skipped="0">
  <properties>
[...]
</properties>
  <testcase classname="one.trifle.many.tests.suite2.My7Test" name="test00" time="0"/>
  <testcase classname="one.trifle.many.tests.suite2.My7Test" name="test01" time="0"/>
  <testcase classname="one.trifle.many.tests.suite2.My7Test" name="test02" time="0"/>
  <testcase classname="one.trifle.many.tests.suite2.My7Test" name="test03" time="0"/>
  <testcase classname="one.trifle.many.tests.suite2.My7Test" name="test04" time="0"/>
  <testcase classname="one.trifle.many.tests.suite2.My7Test" name="test05" time="0"/>
  <testcase classname="one.trifle.many.tests.suite2.My7Test" name="test06" time="0"/>
  <testcase classname="one.trifle.many.tests.suite2.My7Test" name="test07" time="0"/>
  <testcase classname="one.trifle.many.tests.suite2.My7Test" name="test08" time="0"/>
  <testcase classname="one.trifle.many.tests.suite2.My7Test" name="test09" time="0"/>
  <testcase classname="one.trifle.many.tests.suite2.My7Test" name="test10" time="0"/>
  <testcase classname="one.trifle.many.tests.suite2.My7Test" name="test11" time="0"/>
  <testcase classname="one.trifle.many.tests.suite2.My7Test" name="test12" time="0"/>
  <testcase classname="one.trifle.many.tests.suite2.My7Test" name="test13" time="0"/>
  <testcase classname="one.trifle.many.tests.suite2.My7Test" name="test14" time="0"/>
  <testcase classname="one.trifle.many.tests.suite2.My7Test" name="test15" time="0"/>
  <testcase classname="one.trifle.many.tests.suite2.My7Test" name="test16" time="0"/>
  <testcase classname="one.trifle.many.tests.suite2.My7Test" name="test17" time="0"/>
  <testcase classname="one.trifle.many.tests.suite2.My7Test" name="test18" time="0"/>
  <testcase classname="one.trifle.many.tests.suite2.My7Test" name="test19" time="0"/>
  <testcase classname="one.trifle.many.tests.suite2.My7Test" name="test20" time="0"/>
  <testcase classname="one.trifle.many.tests.suite2.My7Test" name="test21" time="0"/>
  <testcase classname="one.trifle.many.tests.suite2.My7Test" name="test22" time="0"/>
  <testcase classname="one.trifle.many.tests.suite2.My7Test" name="test23" time="0"/>
  <testcase classname="one.trifle.many.tests.suite2.My7Test" name="test24" time="0"/>
  <testcase classname="one.trifle.many.tests.suite2.My7Test" name="test25" time="0"/>
  <testcase classname="one.trifle.many.tests.suite2.My7Test" name="test26" time="0"/>
  <testcase classname="one.trifle.many.tests.suite2.My7Test" name="test27" time="0"/>
  <testcase classname="one.trifle.many.tests.suite2.My7Test" name="test28" time="0"/>
  <testcase classname="one.trifle.many.tests.suite2.My7Test" name="test29" time="0"/>
  <testcase classname="one.trifle.many.tests.suite2.My7Test" name="test30" time="0"/>
  <testcase classname="one.trifle.many.tests.suite2.My7Test" name="test31" time="0"/>
  <testcase classname="one.trifle.many.tests.suite2.My7Test" name="test32" time="0"/>
  <testcase classname="one.trifle.many.tests.suite2.My7Test" name="test33" time="0"/>
  <testcase classname="one.trifle.many.tests.suite2.My7Test" name="test34" time="0"/>
  <testcase classname="one.trifle.many.tests.suite2.My7Test" name="test35" time="0"/>
  <testcase classname="one.trifle.many.tests.suite2.My7Test" name="test36" time="0"/>
  <testcase classname="one.trifle.many.tests.suite2.My7Test" name="test37" time="0"/>
  <testcase classname="one.trifle.many.tests.suite2.My7Test" name="test38" time="0"/>
  <testcase classname="one.trifle.many.tests.suite2.My7Test" name="test39" time="0"/>
  <testcase classname="one.trifle.many.tests.suite2.My7Test" name="test40" time="0"/>
  <testcase classname="one.trifle.many.tests.suite2.My7Test" name="test41" time="0"/>
  <testcase classname="one.trifle.many.tests.suite2.My7Test" name="test42" time="0"/>
  <testcase classname="one.trifle.many.tests.suite2.My7Test" name="test43" time="0"/>
  <testcase classname="one.trifle.many.tests.suite2.My7Test" name="test44" time="0"/>
  <testcase classname="one.trifle.many.tests.suite2.My7Test" name="test45" time="0"/>
  <testcase classname="one.trifle.many.tests.suite2.My7Test" name="test46" time="0"/>
  <testcase classname="one.trifle.many.tests.suite2.My7Test" name="test47" time="0"/>
  <testcase classname="one.trifle.many.tests.suite2.My7Test" name="test48" time="0"/>
  <testcase classname="one.trifle.many.tests.suite2.My7Test" name="test49" time="0"/>
  <testcase classname="one.trifle.many.tests.suite2.My7Test" name="test50" time="0"/>
  <testcase classname="one.trifle.many.tests.suite2.My7Test" name="test51" time="0"/>
  <testcase classname="one.trifle.many.tests.suite2.My7Test" name="test52" time="0"/>
  <testcase classname="one.trifle.many.tests.suite2.My7Test" name="test53" time="0"/>
  <testcase classname="one.trifle.many.tests.suite2.My7Test" name="test54" time="0"/>
  <testcase classname="one.trifle.many.tests.suite2.My7Test" name="test55" time="0"/>
  <testcase classname="one.trifle.many.tests.suite2.My7Test" name="test56" time="0"/>
  <testcase classname="one.trifle.many.tests.suite2.My7Test" name="test57" time="0"/>
  <testcase classname="one.trifle.many.tests.suite2.My7Test" name="test58" time="0"/>
  <testcase classname="one.trifle.many.tests.suite2.My7Test" name="test59" time="0"/>
  <testcase classname="one.trifle.many.tests.suite2.My7Test" name="test60" time="0"/>
  <testcase classname="one.trifle.many.tests.suite2.My7Test" name="test61" time="0.001"/>
  <testcase classname="one.trifle.many.tests.suite2.My7Test" name="test62" time="0"/>
  <testcase classname="one.trifle.many.tests.suite2.My7Test" name="test63" time="0"/>
  <testcase classname="one.trifle.many.tests.suite2.My7Test" name="test64" time="0"/>
  <testcase classname="one.trifle.many.tests.suite2.My7Test" name="test65" time="0"/>
  <testcase classname="one.trifle.many.tests.suite2.My7Test" name="test66" time="0"/>
  <testcase classname="one.trifle.many.tests.suite2.My7Test" name="test67" time="0"/>
  <testcase classname="one.trifle.many.tests.suite2.My7Test" name="test68" time="0"/>
  <testcase classname="one.trifle.many.tests.suite2.My7Test" name="test69" time="0"/>
  <testcase classname="one.trifle.many.tests.suite2.My7Test" name="test70" time="0"/>
  <testcase classname="one.trifle.many.tests.suite2.My7Test" name="test71" time="0"/>
  <testcase classname="one.trifle.many.tests.suite2.My7Test" name="test72" time="0"/>
  <testcase classname="one.trifle.many.tests.suite2.My7Test" name="test73" time="0"/>
  <testcase classname="one.trifle.many.tests.suite2.My7Test" name="test74" time="0"/>
  <testcase classname="one.trifle.many.tests.suite2.My7Test" name="test75" time="0"/>
  <testcase classname="one.trifle.many.tests.suite2.My7Test" name="test76" time="0"/>
  <testcase classname="one.trifle.many.tests.suite2.My7Test" name="test77" time="0"/>
  <testcase classname="one.trifle.many.tests.suite2.My7Test" name="test78" time="0"/>
  <testcase classname="one.trifle.many.tests.suite2.My7Test" name="test79" time="0"/>
  <testcase classname="one.trifle.many.tests.suite2.My7Test" name="test80" time="0"/>
  <testcase classname="one.trifle.many.tests.suite2.My7Test" name="test81" time="0"/>
  <testcase classname="one.trifle.many.tests.suite2.My7Test" name="test82" time="0"/>
  <testcase classname="one.trifle.many.tests.suite2.My7Test" name="test83" time="0"/>
  <testcase classname="one.trifle.many.tests.suite2.My7Test" name="test84" time="0"/>
  <testcase classname="one.trifle.many.tests.suite2.My7Test" name="test85" time="0"/>
  <testcase classname="one.trifle.many.tests.suite2.My7Test" name="test86" time="0"/>
  <testcase classname="one.trifle.many.tests.suite2.My7Test" name="test87" time="0"/>
  <testcase classname="one.trifle.many.tests.suite2.My7Test" name="test88" time="0"/>
  <testcase classname="one.trifle.many.tests.suite2.My7Test" name="test89" time="0"/>
  <testcase classname="one.trifle.many.tests.suite2.My7Test" name="test90" time="0"/>
  <testcase classname="one.trifle.many.tests.suite2.My7Test" name="test91" time="0"/>
  <testcase classname="one.trifle.many.tests.suite2.My7Test" name="test92" time="0"/>
  <testcase classname="one.trifle.many.tests.suite2.My7Test" name="test93" time="0"/>
  <testcase classname="one.trifle.many.tests.suite2.My7Test" name="test94" time="0"/>
  <testcase classname="one.trifle.many.tests.suite2.My7Test" name="test95" time="0"/>
  <testcase classname="one.trifle.many.tests.suite2.My7Test" name="test96" time="0"/>
  <testcase classname="one.trifle.many.tests.suite2.My7Test" name="test97" time="0"/>
  <testcase classname="one.trifle.many.tests.suite2.My7Test" name="test98" time="0"/>
  <testcase classname="one.trifle.many.tests.suite2.My7Test" name="test99" time="0"/>
</testsuite>